2021-05-06 09:35:36 INFO  Log:11 - =====================================loginTest TEST START=========================================
2021-05-06 09:35:36 INFO  Log:22 - user is going to click on SignIn
2021-05-06 09:35:42 INFO  Log:22 - enter username and password
2021-05-06 09:35:48 INFO  Log:22 - Verfying if user is able to login
2021-05-06 09:35:48 INFO  Log:22 - Login is successfull
2021-05-06 09:35:48 INFO  Log:15 - =====================================loginTest TEST END=========================================
2021-05-06 15:10:59 INFO  Log:11 - =====================================loginTest TEST START=========================================
2021-05-06 15:10:59 INFO  Log:22 - user is going to click on SignIn
2021-05-06 15:11:05 INFO  Log:22 - enter username and password
2021-05-06 15:11:10 INFO  Log:22 - Verfying if user is able to login
2021-05-06 15:11:10 INFO  Log:22 - Login is successfull
2021-05-06 15:11:10 INFO  Log:15 - =====================================loginTest TEST END=========================================
2021-05-06 15:11:24 INFO  Log:11 - =====================================loginTest TEST START=========================================
2021-05-06 15:11:24 INFO  Log:22 - user is going to click on SignIn
2021-05-06 15:11:31 INFO  Log:22 - enter username and password
2021-05-06 15:11:36 INFO  Log:22 - Verfying if user is able to login
2021-05-06 15:23:34 INFO  Log:11 - =====================================loginTest TEST START=========================================
2021-05-06 15:23:34 INFO  Log:22 - user is going to click on SignIn
2021-05-06 15:23:55 INFO  Log:11 - =====================================loginTest TEST START=========================================
2021-05-06 15:23:55 INFO  Log:22 - user is going to click on SignIn
2021-05-06 15:24:00 INFO  Log:22 - enter username and password
2021-05-06 15:24:03 INFO  Log:22 - Verfying if user is able to login
2021-05-06 15:24:49 INFO  Log:11 - =====================================loginTest TEST START=========================================
2021-05-06 15:24:49 INFO  Log:22 - user is going to click on SignIn
2021-05-06 15:24:55 INFO  Log:22 - enter username and password
2021-05-06 15:24:58 INFO  Log:22 - Verfying if user is able to login
2021-05-06 15:24:58 INFO  Log:22 - Login is successfull
2021-05-06 15:24:58 INFO  Log:15 - =====================================loginTest TEST END=========================================
2021-05-06 15:25:18 INFO  Log:11 - =====================================loginTest TEST START=========================================
2021-05-06 15:25:18 INFO  Log:22 - user is going to click on SignIn
2021-05-06 15:25:30 INFO  Log:22 - enter username and password
2021-05-06 15:25:35 INFO  Log:22 - Verfying if user is able to login
2021-05-06 19:12:07 INFO  Log:11 - =====================================loginTest TEST START=========================================
2021-05-06 19:12:07 INFO  Log:22 - user is going to click on SignIn
2021-05-06 19:12:14 INFO  Log:22 - enter username and password
2021-05-06 19:12:22 INFO  Log:22 - Verfying if user is able to login
2021-05-06 19:12:22 INFO  Log:22 - Login is successfull
2021-05-06 19:12:22 INFO  Log:15 - =====================================loginTest TEST END=========================================
2021-05-06 19:14:14 INFO  Log:11 - =====================================loginTest TEST START=========================================
2021-05-06 19:14:14 INFO  Log:22 - user is going to click on SignIn
2021-05-06 19:14:19 INFO  Log:22 - enter username and password
2021-05-06 19:14:22 INFO  Log:22 - Verfying if user is able to login
2021-05-06 21:48:26 INFO  Log:11 - =====================================loginTest TEST START=========================================
2021-05-06 21:48:26 INFO  Log:22 - user is going to click on SignIn
2021-05-06 21:48:31 INFO  Log:22 - enter username and password
2021-05-06 21:48:34 INFO  Log:22 - Verfying if user is able to login
2021-05-06 21:48:34 INFO  Log:22 - Login is successfull
2021-05-06 21:48:34 INFO  Log:15 - =====================================loginTest TEST END=========================================
2021-05-06 21:48:50 INFO  Log:11 - =====================================loginTest TEST START=========================================
2021-05-06 21:48:50 INFO  Log:22 - user is going to click on SignIn
2021-05-06 21:48:55 INFO  Log:22 - enter username and password
2021-05-06 21:48:57 INFO  Log:22 - Verfying if user is able to login
2021-05-06 21:54:53 INFO  Log:11 - =====================================loginTest TEST START=========================================
2021-05-06 21:54:53 INFO  Log:22 - user is going to click on SignIn
2021-05-06 21:54:59 INFO  Log:22 - enter username and password
2021-05-06 21:55:04 INFO  Log:22 - Verfying if user is able to login
2021-05-06 21:55:04 INFO  Log:22 - Login is successfull
2021-05-06 21:55:04 INFO  Log:15 - =====================================loginTest TEST END=========================================
2021-05-06 21:55:17 INFO  Log:11 - =====================================loginTest TEST START=========================================
2021-05-06 21:55:17 INFO  Log:22 - user is going to click on SignIn
2021-05-06 21:55:22 INFO  Log:22 - enter username and password
2021-05-06 21:55:24 INFO  Log:22 - Verfying if user is able to login
2021-05-10 19:32:40 INFO  Log:11 - =====================================loginTest TEST START=========================================
2021-05-10 19:32:40 INFO  Log:22 - user is going to click on SignIn
2021-05-10 19:32:46 INFO  Log:22 - enter username and password
2021-05-10 19:32:50 INFO  Log:22 - Verfying if user is able to login
2021-05-10 19:32:50 INFO  Log:22 - Login is successfull
2021-05-10 19:32:50 INFO  Log:15 - =====================================loginTest TEST END=========================================
2021-05-10 19:33:13 INFO  Log:11 - =====================================loginTest TEST START=========================================
2021-05-10 19:33:13 INFO  Log:22 - user is going to click on SignIn
2021-05-10 19:33:24 INFO  Log:22 - enter username and password
2021-05-10 19:33:30 INFO  Log:22 - Verfying if user is able to login
2021-05-10 19:47:52 INFO  Log:11 - =====================================loginTest TEST START=========================================
2021-05-10 19:47:52 INFO  Log:22 - user is going to click on SignIn
2021-05-10 19:47:59 INFO  Log:22 - enter username and password
2021-05-10 19:48:11 INFO  Log:22 - Verfying if user is able to login
2021-05-10 19:48:11 INFO  Log:22 - Login is successfull
2021-05-10 19:48:11 INFO  Log:15 - =====================================loginTest TEST END=========================================
2021-05-10 19:48:22 INFO  Log:11 - =====================================loginTest TEST START=========================================
2021-05-10 19:48:22 INFO  Log:22 - user is going to click on SignIn
2021-05-10 19:48:25 INFO  Log:22 - enter username and password
2021-05-10 19:48:47 INFO  Log:11 - =====================================loginTest TEST START=========================================
2021-05-10 19:48:47 INFO  Log:22 - user is going to click on SignIn
2021-05-10 19:49:02 INFO  Log:22 - enter username and password
2021-05-10 19:49:07 INFO  Log:11 - =====================================loginTest TEST START=========================================
2021-05-10 19:49:07 INFO  Log:22 - user is going to click on SignIn
2021-05-10 19:49:09 INFO  Log:22 - Verfying if user is able to login
2021-05-10 19:49:10 INFO  Log:22 - enter username and password
2021-05-10 19:51:28 INFO  Log:11 - =====================================loginTest TEST START=========================================
2021-05-10 19:51:28 INFO  Log:22 - user is going to click on SignIn
2021-05-10 19:51:34 INFO  Log:22 - enter username and password
2021-05-10 19:51:42 INFO  Log:22 - Verfying if user is able to login
2021-05-10 19:51:42 INFO  Log:22 - Login is successfull
2021-05-10 19:51:42 INFO  Log:15 - =====================================loginTest TEST END=========================================
2021-05-10 19:52:12 INFO  Log:11 - =====================================loginTest TEST START=========================================
2021-05-10 19:52:12 INFO  Log:22 - user is going to click on SignIn
2021-05-10 19:52:22 INFO  Log:22 - enter username and password
2021-05-10 19:52:27 INFO  Log:22 - Verfying if user is able to login
2021-05-18 12:38:34 INFO  Log:11 - =====================================loginTest TEST START=========================================
2021-05-18 12:38:34 INFO  Log:22 - user is going to click on SignIn
2021-05-18 12:38:41 INFO  Log:22 - enter username and password
2021-05-18 12:38:47 INFO  Log:22 - Verfying if user is able to login
2021-05-18 12:38:47 INFO  Log:22 - Login is successfull
2021-05-18 12:38:47 INFO  Log:15 - =====================================loginTest TEST END=========================================
2021-05-18 12:39:02 INFO  Log:11 - =====================================loginTest TEST START=========================================
2021-05-18 12:39:02 INFO  Log:22 - user is going to click on SignIn
2021-05-18 12:39:08 INFO  Log:22 - enter username and password
2021-05-18 12:39:13 INFO  Log:22 - Verfying if user is able to login
2021-05-18 12:55:04 DEBUG cache:45 - Couldn't find template in cache for "v3html/v3-html-index.ftl"("en", UTF-8, parsed); will try to load it.
2021-05-18 12:55:04 DEBUG cache:45 - TemplateLoader.findTemplateSource("v3html/v3-html-index_en.ftl"): Not found
2021-05-18 12:55:04 DEBUG cache:45 - TemplateLoader.findTemplateSource("v3html/v3-html-index.ftl"): Found
2021-05-18 12:55:04 DEBUG cache:45 - Loading template for "v3html/v3-html-index.ftl"("en", UTF-8, parsed) from "jar:file:/C:/Users/user/.m2/repository/com/aventstack/extentreports/4.0.0/extentreports-4.0.0.jar!/com/aventstack/extentreports/view/v3html/v3-html-index.ftl"
2021-05-18 12:55:05 DEBUG cache:45 - Couldn't find template in cache for "v3html/v3-html-head.ftl"("en", UTF-8, parsed); will try to load it.
2021-05-18 12:55:05 DEBUG cache:45 - TemplateLoader.findTemplateSource("v3html/v3-html-head_en.ftl"): Not found
2021-05-18 12:55:05 DEBUG cache:45 - TemplateLoader.findTemplateSource("v3html/v3-html-head.ftl"): Found
2021-05-18 12:55:05 DEBUG cache:45 - Loading template for "v3html/v3-html-head.ftl"("en", UTF-8, parsed) from "jar:file:/C:/Users/user/.m2/repository/com/aventstack/extentreports/4.0.0/extentreports-4.0.0.jar!/com/aventstack/extentreports/view/v3html/v3-html-head.ftl"
2021-05-18 12:55:05 DEBUG cache:45 - Couldn't find template in cache for "v3html/v3-html-nav.ftl"("en", UTF-8, parsed); will try to load it.
2021-05-18 12:55:05 DEBUG cache:45 - TemplateLoader.findTemplateSource("v3html/v3-html-nav_en.ftl"): Not found
2021-05-18 12:55:05 DEBUG cache:45 - TemplateLoader.findTemplateSource("v3html/v3-html-nav.ftl"): Found
2021-05-18 12:55:05 DEBUG cache:45 - Loading template for "v3html/v3-html-nav.ftl"("en", UTF-8, parsed) from "jar:file:/C:/Users/user/.m2/repository/com/aventstack/extentreports/4.0.0/extentreports-4.0.0.jar!/com/aventstack/extentreports/view/v3html/v3-html-nav.ftl"
2021-05-18 12:55:05 DEBUG cache:45 - Couldn't find template in cache for "v3html/test-view/v3-html-test-view.ftl"("en", UTF-8, parsed); will try to load it.
2021-05-18 12:55:05 DEBUG cache:45 - TemplateLoader.findTemplateSource("v3html/test-view/v3-html-test-view_en.ftl"): Not found
2021-05-18 12:55:05 DEBUG cache:45 - TemplateLoader.findTemplateSource("v3html/test-view/v3-html-test-view.ftl"): Found
2021-05-18 12:55:05 DEBUG cache:45 - Loading template for "v3html/test-view/v3-html-test-view.ftl"("en", UTF-8, parsed) from "jar:file:/C:/Users/user/.m2/repository/com/aventstack/extentreports/4.0.0/extentreports-4.0.0.jar!/com/aventstack/extentreports/view/v3html/test-view/v3-html-test-view.ftl"
2021-05-18 12:55:05 DEBUG cache:45 - Couldn't find template in cache for "v3html/test-view/v3-html-test-view-charts.ftl"("en", UTF-8, parsed); will try to load it.
2021-05-18 12:55:05 DEBUG cache:45 - TemplateLoader.findTemplateSource("v3html/test-view/v3-html-test-view-charts_en.ftl"): Not found
2021-05-18 12:55:05 DEBUG cache:45 - TemplateLoader.findTemplateSource("v3html/test-view/v3-html-test-view-charts.ftl"): Found
2021-05-18 12:55:05 DEBUG cache:45 - Loading template for "v3html/test-view/v3-html-test-view-charts.ftl"("en", UTF-8, parsed) from "jar:file:/C:/Users/user/.m2/repository/com/aventstack/extentreports/4.0.0/extentreports-4.0.0.jar!/com/aventstack/extentreports/view/v3html/test-view/v3-html-test-view-charts.ftl"
2021-05-18 12:55:05 DEBUG cache:45 - Couldn't find template in cache for "v3html/test-view/v3-html-standard.ftl"("en", UTF-8, parsed); will try to load it.
2021-05-18 12:55:05 DEBUG cache:45 - TemplateLoader.findTemplateSource("v3html/test-view/v3-html-standard_en.ftl"): Not found
2021-05-18 12:55:05 DEBUG cache:45 - TemplateLoader.findTemplateSource("v3html/test-view/v3-html-standard.ftl"): Found
2021-05-18 12:55:05 DEBUG cache:45 - Loading template for "v3html/test-view/v3-html-standard.ftl"("en", UTF-8, parsed) from "jar:file:/C:/Users/user/.m2/repository/com/aventstack/extentreports/4.0.0/extentreports-4.0.0.jar!/com/aventstack/extentreports/view/v3html/test-view/v3-html-standard.ftl"
2021-05-18 12:55:05 DEBUG cache:45 - "v3html/test-view/v3-html-standard.ftl"("en", UTF-8, parsed) cached copy not yet stale; using cached.
2021-05-18 12:55:05 DEBUG cache:45 - "v3html/test-view/v3-html-standard.ftl"("en", UTF-8, parsed) cached copy not yet stale; using cached.
2021-05-18 12:55:05 DEBUG cache:45 - "v3html/test-view/v3-html-standard.ftl"("en", UTF-8, parsed) cached copy not yet stale; using cached.
2021-05-18 12:55:05 DEBUG cache:45 - Couldn't find template in cache for "v3html/category-view/v3-html-category-view.ftl"("en", UTF-8, parsed); will try to load it.
2021-05-18 12:55:05 DEBUG cache:45 - TemplateLoader.findTemplateSource("v3html/category-view/v3-html-category-view_en.ftl"): Not found
2021-05-18 12:55:05 DEBUG cache:45 - TemplateLoader.findTemplateSource("v3html/category-view/v3-html-category-view.ftl"): Found
2021-05-18 12:55:05 DEBUG cache:45 - Loading template for "v3html/category-view/v3-html-category-view.ftl"("en", UTF-8, parsed) from "jar:file:/C:/Users/user/.m2/repository/com/aventstack/extentreports/4.0.0/extentreports-4.0.0.jar!/com/aventstack/extentreports/view/v3html/category-view/v3-html-category-view.ftl"
2021-05-18 12:55:05 DEBUG cache:45 - Couldn't find template in cache for "v3html/exception-view/v3-html-exception-view.ftl"("en", UTF-8, parsed); will try to load it.
2021-05-18 12:55:05 DEBUG cache:45 - TemplateLoader.findTemplateSource("v3html/exception-view/v3-html-exception-view_en.ftl"): Not found
2021-05-18 12:55:05 DEBUG cache:45 - TemplateLoader.findTemplateSource("v3html/exception-view/v3-html-exception-view.ftl"): Found
2021-05-18 12:55:05 DEBUG cache:45 - Loading template for "v3html/exception-view/v3-html-exception-view.ftl"("en", UTF-8, parsed) from "jar:file:/C:/Users/user/.m2/repository/com/aventstack/extentreports/4.0.0/extentreports-4.0.0.jar!/com/aventstack/extentreports/view/v3html/exception-view/v3-html-exception-view.ftl"
2021-05-18 12:55:05 DEBUG cache:45 - Couldn't find template in cache for "v3html/author-view/v3-html-author-view.ftl"("en", UTF-8, parsed); will try to load it.
2021-05-18 12:55:05 DEBUG cache:45 - TemplateLoader.findTemplateSource("v3html/author-view/v3-html-author-view_en.ftl"): Not found
2021-05-18 12:55:05 DEBUG cache:45 - TemplateLoader.findTemplateSource("v3html/author-view/v3-html-author-view.ftl"): Found
2021-05-18 12:55:05 DEBUG cache:45 - Loading template for "v3html/author-view/v3-html-author-view.ftl"("en", UTF-8, parsed) from "jar:file:/C:/Users/user/.m2/repository/com/aventstack/extentreports/4.0.0/extentreports-4.0.0.jar!/com/aventstack/extentreports/view/v3html/author-view/v3-html-author-view.ftl"
2021-05-18 12:55:05 DEBUG cache:45 - Couldn't find template in cache for "v3html/dashboard-view/v3-html-dashboard-view.ftl"("en", UTF-8, parsed); will try to load it.
2021-05-18 12:55:05 DEBUG cache:45 - TemplateLoader.findTemplateSource("v3html/dashboard-view/v3-html-dashboard-view_en.ftl"): Not found
2021-05-18 12:55:05 DEBUG cache:45 - TemplateLoader.findTemplateSource("v3html/dashboard-view/v3-html-dashboard-view.ftl"): Found
2021-05-18 12:55:05 DEBUG cache:45 - Loading template for "v3html/dashboard-view/v3-html-dashboard-view.ftl"("en", UTF-8, parsed) from "jar:file:/C:/Users/user/.m2/repository/com/aventstack/extentreports/4.0.0/extentreports-4.0.0.jar!/com/aventstack/extentreports/view/v3html/dashboard-view/v3-html-dashboard-view.ftl"
2021-05-18 12:55:05 DEBUG cache:45 - Couldn't find template in cache for "v3html/logs-view/v3-html-testrunner-logs-view.ftl"("en", UTF-8, parsed); will try to load it.
2021-05-18 12:55:05 DEBUG cache:45 - TemplateLoader.findTemplateSource("v3html/logs-view/v3-html-testrunner-logs-view_en.ftl"): Not found
2021-05-18 12:55:05 DEBUG cache:45 - TemplateLoader.findTemplateSource("v3html/logs-view/v3-html-testrunner-logs-view.ftl"): Found
2021-05-18 12:55:05 DEBUG cache:45 - Loading template for "v3html/logs-view/v3-html-testrunner-logs-view.ftl"("en", UTF-8, parsed) from "jar:file:/C:/Users/user/.m2/repository/com/aventstack/extentreports/4.0.0/extentreports-4.0.0.jar!/com/aventstack/extentreports/view/v3html/logs-view/v3-html-testrunner-logs-view.ftl"
