2021-04-07 21:16:19 INFO  Log:20 - this is before suite method
2021-04-07 21:16:19 INFO  Log:8 - =====================================testcase 1 TEST START=========================================
2021-04-07 21:16:19 INFO  Log:20 - this is testcase 1
2021-04-07 21:16:19 INFO  Log:13 - =====================================testcase1 TEST END=========================================
2021-04-07 21:16:19 INFO  Log:8 - =====================================Testcase2 TEST START=========================================
2021-04-07 21:16:19 INFO  Log:20 - this is testcase2
2021-04-07 21:16:19 INFO  Log:13 - =====================================Testcase 2 TEST END=========================================
2021-04-07 21:16:19 INFO  Log:20 - this is after suite method
2021-04-07 22:09:23 INFO  Log:20 - this is before suite method
2021-04-07 22:09:23 INFO  Log:8 - =====================================testcase 1 TEST START=========================================
2021-04-07 22:09:23 INFO  Log:20 - this is testcase 1
2021-04-07 22:09:23 INFO  Log:13 - =====================================testcase1 TEST END=========================================
2021-04-07 22:09:23 INFO  Log:8 - =====================================Testcase2 TEST START=========================================
2021-04-07 22:09:23 INFO  Log:20 - this is testcase2
2021-04-07 22:09:23 INFO  Log:13 - =====================================Testcase 2 TEST END=========================================
2021-04-07 22:09:23 INFO  Log:20 - this is after suite method
2021-04-07 23:12:34 INFO  Log:20 - this is before suite method
2021-04-07 23:12:34 INFO  Log:8 - =====================================testcase 1 TEST START=========================================
2021-04-07 23:12:34 INFO  Log:20 - this is testcase 1
2021-04-07 23:12:34 INFO  Log:13 - =====================================testcase1 TEST END=========================================
2021-04-07 23:12:34 INFO  Log:8 - =====================================Testcase2 TEST START=========================================
2021-04-07 23:12:34 INFO  Log:20 - this is testcase2
2021-04-07 23:12:34 INFO  Log:13 - =====================================Testcase 2 TEST END=========================================
2021-04-07 23:12:34 INFO  Log:20 - this is after suite method
2021-04-07 23:13:53 INFO  Log:20 - this is before suite method
2021-04-07 23:13:53 INFO  Log:8 - =====================================testcase 1 TEST START=========================================
2021-04-07 23:13:53 INFO  Log:20 - this is testcase 1
2021-04-07 23:13:53 INFO  Log:13 - =====================================testcase1 TEST END=========================================
2021-04-07 23:13:53 INFO  Log:8 - =====================================Testcase2 TEST START=========================================
2021-04-07 23:13:53 INFO  Log:20 - this is testcase2
2021-04-07 23:13:53 INFO  Log:13 - =====================================Testcase 2 TEST END=========================================
2021-04-07 23:14:06 INFO  Log:8 - =====================================wordPressTest TEST START=========================================
2021-04-07 23:14:06 INFO  Log:20 - entering the username
2021-04-07 23:14:07 INFO  Log:20 - entering the password
2021-04-07 23:14:07 INFO  Log:20 - click the login button
2021-04-07 23:14:07 INFO  Log:20 - click the button
2021-04-07 23:14:24 INFO  Log:20 - this is after suite method
2021-04-07 23:16:57 INFO  Log:20 - this is before suite method
2021-04-07 23:16:57 INFO  Log:8 - =====================================testcase 1 TEST START=========================================
2021-04-07 23:16:57 INFO  Log:20 - this is testcase 1
2021-04-07 23:16:57 INFO  Log:13 - =====================================testcase1 TEST END=========================================
2021-04-07 23:16:57 INFO  Log:8 - =====================================Testcase2 TEST START=========================================
2021-04-07 23:16:57 INFO  Log:20 - this is testcase2
2021-04-07 23:16:57 INFO  Log:13 - =====================================Testcase 2 TEST END=========================================
2021-04-07 23:17:09 INFO  Log:8 - =====================================wordPressTest TEST START=========================================
2021-04-07 23:17:09 INFO  Log:20 - entering the username
2021-04-07 23:17:09 INFO  Log:20 - entering the password
2021-04-07 23:17:09 INFO  Log:20 - click the login button
2021-04-07 23:17:09 INFO  Log:20 - click the button
2021-04-07 23:17:29 INFO  Log:20 - this is after suite method
